<?xml version="1.0" encoding="UTF-8"?>
<testng-results skipped="0" failed="0" total="3" passed="3">
  <reporter-output>
  </reporter-output>
  <suite name="Suite" duration-ms="122422" started-at="2021-12-15T21:22:50Z" finished-at="2021-12-15T21:24:52Z">
    <groups>
      <group name="cucumber">
        <method signature="AbstractTestNGCucumberTests.feature(cucumber.api.testng.CucumberFeatureWrapper)[pri:0, instance:tt.runners.RunnerClass@7ca48474]" name="feature" class="cucumber.api.testng.AbstractTestNGCucumberTests"/>
      </group> <!-- cucumber -->
    </groups>
    <test name="Test" duration-ms="122422" started-at="2021-12-15T21:22:50Z" finished-at="2021-12-15T21:24:52Z">
      <class name="tt.runners.RunnerClass">
        <test-method status="PASS" signature="setUpClass()[pri:0, instance:tt.runners.RunnerClass@7ca48474]" name="setUpClass" is-config="true" duration-ms="274" started-at="2021-12-15T16:22:50Z" finished-at="2021-12-15T16:22:50Z">
          <reporter-output>
          </reporter-output>
        </test-method> <!-- setUpClass -->
        <test-method status="PASS" signature="feature(cucumber.api.testng.CucumberFeatureWrapper)[pri:0, instance:tt.runners.RunnerClass@7ca48474]" name="feature" duration-ms="53752" started-at="2021-12-15T16:22:50Z" description="Runs Cucumber Feature" data-provider="features" finished-at="2021-12-15T16:23:44Z">
          <params>
            <param index="0">
              <value>
                <![CDATA[Cart Page Functionality]]>
              </value>
            </param>
          </params>
          <reporter-output>
          </reporter-output>
        </test-method> <!-- feature -->
        <test-method status="PASS" signature="feature(cucumber.api.testng.CucumberFeatureWrapper)[pri:0, instance:tt.runners.RunnerClass@7ca48474]" name="feature" duration-ms="47840" started-at="2021-12-15T16:23:44Z" description="Runs Cucumber Feature" data-provider="features" finished-at="2021-12-15T16:24:32Z">
          <params>
            <param index="0">
              <value>
                <![CDATA[Log in Funtionality]]>
              </value>
            </param>
          </params>
          <reporter-output>
          </reporter-output>
        </test-method> <!-- feature -->
        <test-method status="PASS" signature="feature(cucumber.api.testng.CucumberFeatureWrapper)[pri:0, instance:tt.runners.RunnerClass@7ca48474]" name="feature" duration-ms="19695" started-at="2021-12-15T16:24:32Z" description="Runs Cucumber Feature" data-provider="features" finished-at="2021-12-15T16:24:51Z">
          <params>
            <param index="0">
              <value>
                <![CDATA[All button Funtionality]]>
              </value>
            </param>
          </params>
          <reporter-output>
          </reporter-output>
        </test-method> <!-- feature -->
        <test-method status="PASS" signature="writeExtentReport()[pri:0, instance:tt.runners.RunnerClass@7ca48474]" name="writeExtentReport" is-config="true" duration-ms="50" started-at="2021-12-15T16:24:51Z" finished-at="2021-12-15T16:24:51Z">
          <reporter-output>
          </reporter-output>
        </test-method> <!-- writeExtentReport -->
        <test-method status="PASS" signature="tearDownClass()[pri:0, instance:tt.runners.RunnerClass@7ca48474]" name="tearDownClass" is-config="true" duration-ms="700" started-at="2021-12-15T16:24:51Z" finished-at="2021-12-15T16:24:52Z">
          <reporter-output>
          </reporter-output>
        </test-method> <!-- tearDownClass -->
      </class> <!-- tt.runners.RunnerClass -->
    </test> <!-- Test -->
  </suite> <!-- Suite -->
</testng-results>
