<?xml version="1.0" encoding="UTF-8"?>
<testsuite xmlns:xsi="http://www.w3.org/2001/XMLSchema-instance" xsi:noNamespaceSchemaLocation="https://maven.apache.org/surefire/maven-surefire-plugin/xsd/surefire-test-report.xsd" name="TestSuite" time="123.298" tests="3" errors="0" skipped="0" failures="0">
  <properties>
[...]
</properties>
  <testcase name="feature" classname="tt.runners.RunnerClass" time="53.756"/>
  <testcase name="feature" classname="tt.runners.RunnerClass" time="47.834"/>
  <testcase name="feature" classname="tt.runners.RunnerClass" time="19.697"/>
</testsuite>